<?xml version="1.0" encoding="UTF-8"?>
<!-- Generated by org.testng.reporters.JUnitXMLReporter -->
<testsuite hostname="lenovo" ignored="0" name="Test" tests="4" failures="0" timestamp="15 May 2021 14:20:52 GMT" time="69.354" errors="0">
  <testcase name="registrationTest" time="7.613" classname="com.cjc.DWS.Tests.MainTest"/>
  <testcase name="addToCartTest" time="28.76" classname="com.cjc.DWS.Tests.MainTest"/>
  <testcase name="shoptest" time="9.947" classname="com.cjc.DWS.Tests.MainTest"/>
  <testcase name="checkouttest" time="17.011" classname="com.cjc.DWS.Tests.MainTest"/>
</testsuite> <!-- Test -->
