<?xml version="1.0" encoding="UTF-8"?>
<testsuite name="TestSuite" time="57.741" tests="4" errors="0" skipped="0" failures="0">
  <properties>
[...]
</properties>
  <testcase name="registrationTest" classname="com.cjc.DWS.Tests.MainTest" time="8.78"/>
  <testcase name="addToCartTest" classname="com.cjc.DWS.Tests.MainTest" time="22.691"/>
  <testcase name="shoptest" classname="com.cjc.DWS.Tests.MainTest" time="9.436"/>
  <testcase name="checkouttest" classname="com.cjc.DWS.Tests.MainTest" time="16.834"/>
</testsuite>