<?xml version="1.0" encoding="UTF-8"?>
<!-- Generated by org.testng.reporters.JUnitXMLReporter -->
<testsuite hostname="lenovo" ignored="0" name="Test" tests="4" failures="0" timestamp="2021-05-17T16:33:55 IST" time="60.309" errors="0">
  <testcase name="registrationTest" time="6.797" classname="com.cjc.DWS.Tests.MainTest"/>
  <testcase name="addToCartTest" time="23.474" classname="com.cjc.DWS.Tests.MainTest"/>
  <testcase name="shoptest" time="10.264" classname="com.cjc.DWS.Tests.MainTest"/>
  <testcase name="checkouttest" time="16.36" classname="com.cjc.DWS.Tests.MainTest"/>
</testsuite> <!-- Test -->
