<?xml version="1.0" encoding="UTF-8"?>
<!-- Generated by org.testng.reporters.JUnitXMLReporter -->
<testsuite hostname="lenovo" ignored="0" name="Test" tests="4" failures="0" timestamp="2021-05-15T19:23:11 IST" time="65.716" errors="0">
  <testcase name="registrationTest" time="8.55" classname="com.cjc.DWS.Tests.MainTest"/>
  <testcase name="addToCartTest" time="28.127" classname="com.cjc.DWS.Tests.MainTest"/>
  <testcase name="shoptest" time="9.113" classname="com.cjc.DWS.Tests.MainTest"/>
  <testcase name="checkouttest" time="16.853" classname="com.cjc.DWS.Tests.MainTest"/>
</testsuite> <!-- Test -->
